<?xml version="1.0" encoding="UTF-8"?>
<testng-results skipped="0" failed="0" ignored="0" total="1" passed="1">
  <reporter-output>
  </reporter-output>
  <suite name="Default suite" duration-ms="5904" started-at="2020-02-26T12:32:52 IST" finished-at="2020-02-26T12:32:58 IST">
    <groups>
    </groups>
    <test name="Default test" duration-ms="5904" started-at="2020-02-26T12:32:52 IST" finished-at="2020-02-26T12:32:58 IST">
      <class name="TCID01_Demo_GetRequest">
        <test-method status="PASS" signature="getWeatherData()[pri:0, instance:TCID01_Demo_GetRequest@694e1548]" name="getWeatherData" duration-ms="5761" started-at="2020-02-26T12:32:52 IST" finished-at="2020-02-26T12:32:58 IST">
          <reporter-output>
          </reporter-output>
        </test-method> <!-- getWeatherData -->
      </class> <!-- TCID01_Demo_GetRequest -->
    </test> <!-- Default test -->
  </suite> <!-- Default suite -->
</testng-results>
